<?xml version="1.0" encoding="UTF-8"?>
<!-- Generated by org.testng.reporters.JUnitXMLReporter -->
<testsuite ignored="1" hostname="Juels-MacBook-Pro.local" failures="0" tests="1" name="Default test" time="5.57" errors="0" timestamp="16 Feb 2019 19:32:13 GMT">
  <testcase classname="greendesk.greendeskAutomation.NewTest" name="verify_that_info_for_member_has_login_link" time="1.658"/>
  <testcase classname="greendesk.greendeskAutomation.NewTest" name="verify_AbsoluteCare_FIDA_Plan_page_displays" time="0.0">
    <ignored/>
  </testcase> <!-- verify_AbsoluteCare_FIDA_Plan_page_displays -->
</testsuite> <!-- Default test -->
