<?xml version="1.0" encoding="UTF-8"?>
<!-- Generated by org.testng.reporters.JUnitXMLReporter -->
<testsuite ignored="0" hostname="Juels-MacBook-Pro.local" failures="0" tests="2" name="Command line test" time="9.055" errors="0" timestamp="16 Feb 2019 19:29:24 GMT">
  <testcase classname="greendesk.greendeskAutomation.NewTest" name="verify_AbsoluteCare_FIDA_Plan_page_displays" time="2.986"/>
  <testcase classname="greendesk.greendeskAutomation.NewTest" name="verify_that_info_for_member_has_login_link" time="1.692"/>
</testsuite> <!-- Command line test -->
