<?xml version="1.0" encoding="UTF-8"?>
<testng-results ignored="0" total="2" passed="2" failed="0" skipped="0">
  <reporter-output>
  </reporter-output>
  <suite started-at="2019-02-16T19:29:14Z" name="greendesk.greendeskAutomation.NewTest" finished-at="2019-02-16T19:29:23Z" duration-ms="9055">
    <groups>
    </groups>
    <test started-at="2019-02-16T19:29:14Z" name="Command line test" finished-at="2019-02-16T19:29:23Z" duration-ms="9055">
      <class name="greendesk.greendeskAutomation.NewTest">
        <test-method is-config="true" signature="setup()[pri:0, instance:greendesk.greendeskAutomation.NewTest@65d6b83b]" started-at="2019-02-16T19:29:14Z" name="setup" finished-at="2019-02-16T19:29:19Z" duration-ms="4188" status="PASS">
          <reporter-output>
          </reporter-output>
        </test-method> <!-- setup -->
        <test-method signature="verify_AbsoluteCare_FIDA_Plan_page_displays()[pri:0, instance:greendesk.greendeskAutomation.NewTest@65d6b83b]" started-at="2019-02-16T19:29:19Z" name="verify_AbsoluteCare_FIDA_Plan_page_displays" finished-at="2019-02-16T19:29:22Z" duration-ms="2986" status="PASS">
          <reporter-output>
          </reporter-output>
        </test-method> <!-- verify_AbsoluteCare_FIDA_Plan_page_displays -->
        <test-method signature="verify_that_info_for_member_has_login_link()[pri:0, instance:greendesk.greendeskAutomation.NewTest@65d6b83b]" started-at="2019-02-16T19:29:22Z" name="verify_that_info_for_member_has_login_link" finished-at="2019-02-16T19:29:23Z" duration-ms="1692" status="PASS">
          <reporter-output>
          </reporter-output>
        </test-method> <!-- verify_that_info_for_member_has_login_link -->
        <test-method is-config="true" signature="afterTest()[pri:0, instance:greendesk.greendeskAutomation.NewTest@65d6b83b]" started-at="2019-02-16T19:29:23Z" name="afterTest" finished-at="2019-02-16T19:29:23Z" duration-ms="172" status="PASS">
          <reporter-output>
          </reporter-output>
        </test-method> <!-- afterTest -->
      </class> <!-- greendesk.greendeskAutomation.NewTest -->
    </test> <!-- Command line test -->
  </suite> <!-- greendesk.greendeskAutomation.NewTest -->
</testng-results>
