<?xml version="1.0" encoding="UTF-8"?>
<testng-results ignored="1" total="2" passed="1" failed="0" skipped="0">
  <reporter-output>
  </reporter-output>
  <suite started-at="2019-02-16T19:32:07Z" name="Default suite" finished-at="2019-02-16T19:32:13Z" duration-ms="5570">
    <groups>
    </groups>
    <test started-at="2019-02-16T19:32:07Z" name="Default test" finished-at="2019-02-16T19:32:13Z" duration-ms="5570">
      <class name="greendesk.greendeskAutomation.NewTest">
        <test-method is-config="true" signature="setup()[pri:0, instance:greendesk.greendeskAutomation.NewTest@5e5d171f]" started-at="2019-02-16T19:32:07Z" name="setup" finished-at="2019-02-16T19:32:11Z" duration-ms="3730" status="PASS">
          <reporter-output>
          </reporter-output>
        </test-method> <!-- setup -->
        <test-method signature="verify_that_info_for_member_has_login_link()[pri:0, instance:greendesk.greendeskAutomation.NewTest@5e5d171f]" started-at="2019-02-16T19:32:11Z" name="verify_that_info_for_member_has_login_link" finished-at="2019-02-16T19:32:13Z" duration-ms="1658" status="PASS">
          <reporter-output>
          </reporter-output>
        </test-method> <!-- verify_that_info_for_member_has_login_link -->
        <test-method is-config="true" signature="afterTest()[pri:0, instance:greendesk.greendeskAutomation.NewTest@5e5d171f]" started-at="2019-02-16T19:32:13Z" name="afterTest" finished-at="2019-02-16T19:32:13Z" duration-ms="170" status="PASS">
          <reporter-output>
          </reporter-output>
        </test-method> <!-- afterTest -->
      </class> <!-- greendesk.greendeskAutomation.NewTest -->
    </test> <!-- Default test -->
  </suite> <!-- Default suite -->
</testng-results>
